2026-04-05 13:22:44,327 [INFO] MAIN - FTMO Scalper iniciando | Capital: $10000.0 | Par: EURUSD
2026-04-05 13:22:44,354 [INFO] MAIN - Conexion MT4 establecida
2026-04-05 13:22:44,718 [INFO] NewsFilter - 📰 0 eventos high-impact hoy
2026-04-05 13:22:44,723 [INFO] MAIN - [WEEKEND_BLOCK] Equity:$10000 | Loss:0.00% | DD:0.00% | Trades:0/6 | News:OK
2026-04-05 13:22:44,723 [WARNING] MAIN - BLOQUEADO: WEEKEND_BLOCK -> esperando 300s
2026-04-05 13:27:44,741 [ERROR] MAIN - Error en bucle principal: Expecting value: line 1 column 1 (char 0)
2026-04-05 13:28:44,906 [INFO] MAIN - [WEEKEND_BLOCK] Equity:$10000 | Loss:0.00% | DD:0.00% | Trades:0/6 | News:OK
2026-04-05 13:28:45,034 [WARNING] MAIN - BLOQUEADO: WEEKEND_BLOCK -> esperando 300s
2026-04-05 13:29:51,898 [INFO] MAIN - Bot detenido manualmente
2026-04-05 13:32:14,725 [INFO] MAIN - FTMO Scalper iniciando | Capital: $10000.0 | Par: EURUSD
2026-04-05 13:32:18,036 [ERROR] Telegram - Error Telegram: {"ok":false,"error_code":400,"description":"Bad Request: chat not found"}
2026-04-05 13:32:18,058 [INFO] MAIN - Conexion MT4 establecida
2026-04-05 13:32:18,422 [INFO] NewsFilter - 📰 0 eventos high-impact hoy
2026-04-05 13:32:18,422 [INFO] MAIN - [WEEKEND_BLOCK] Equity:$10000 | Loss:0.00% | DD:0.00% | Trades:0/6 | News:OK
2026-04-05 13:32:18,425 [WARNING] MAIN - BLOQUEADO: WEEKEND_BLOCK -> esperando 300s
2026-04-05 13:33:29,108 [INFO] MAIN - Bot detenido manualmente
2026-04-05 13:33:29,323 [ERROR] Telegram - Error Telegram: {"ok":false,"error_code":400,"description":"Bad Request: chat not found"}
2026-04-05 13:36:48,248 [INFO] MAIN - FTMO Scalper iniciando | Capital: $10000.0 | Par: EURUSD
2026-04-05 13:36:48,492 [INFO] Telegram - Alerta Telegram enviada
2026-04-05 13:36:48,544 [INFO] MAIN - Conexion MT4 establecida
2026-04-05 13:36:48,891 [INFO] NewsFilter - 📰 0 eventos high-impact hoy
2026-04-05 13:36:48,897 [INFO] MAIN - [WEEKEND_BLOCK] Equity:$10000 | Loss:0.00% | DD:0.00% | Trades:0/6 | News:OK
2026-04-05 13:36:48,897 [WARNING] MAIN - BLOQUEADO: WEEKEND_BLOCK -> esperando 300s
2026-04-05 13:39:48,861 [INFO] MAIN - Bot detenido manualmente
2026-04-05 13:39:49,051 [INFO] Telegram - Alerta Telegram enviada
